{"/home/michael/code/basic-html-site/src/script.ts": {"path":"/home/michael/code/basic-html-site/src/script.ts","all":true,"statementMap":{"0":{"start":{"line":1,"column":0},"end":{"line":1,"column":34}},"1":{"start":{"line":2,"column":0},"end":{"line":2,"column":39}},"2":{"start":{"line":3,"column":0},"end":{"line":3,"column":36}},"3":{"start":{"line":4,"column":0},"end":{"line":4,"column":35}}},"s":{"0":0,"1":0,"2":0,"3":0},"branchMap":{"0":{"type":"branch","line":1,"loc":{"start":{"line":1,"column":0},"end":{"line":4,"column":-38}},"locations":[{"start":{"line":1,"column":0},"end":{"line":4,"column":-38}}]}},"b":{"0":[0]},"fnMap":{"0":{"name":"(empty-report)","decl":{"start":{"line":1,"column":0},"end":{"line":4,"column":-38}},"loc":{"start":{"line":1,"column":0},"end":{"line":4,"column":-38}},"line":1}},"f":{"0":0}}
,"/home/michael/code/basic-html-site/src/components/CarouselControls.ts": {"path":"/home/michael/code/basic-html-site/src/components/CarouselControls.ts","all":false,"statementMap":{"7":{"start":{"line":8,"column":0},"end":{"line":8,"column":51}},"8":{"start":{"line":9,"column":0},"end":{"line":9,"column":40}},"10":{"start":{"line":11,"column":0},"end":{"line":11,"column":19}},"11":{"start":{"line":12,"column":0},"end":{"line":12,"column":16}},"12":{"start":{"line":13,"column":0},"end":{"line":13,"column":58}},"13":{"start":{"line":14,"column":0},"end":{"line":14,"column":5}},"15":{"start":{"line":16,"column":0},"end":{"line":16,"column":31}},"16":{"start":{"line":17,"column":0},"end":{"line":17,"column":22}},"17":{"start":{"line":18,"column":0},"end":{"line":18,"column":5}},"19":{"start":{"line":20,"column":0},"end":{"line":20,"column":28}},"20":{"start":{"line":21,"column":0},"end":{"line":21,"column":33}},"58":{"start":{"line":59,"column":0},"end":{"line":59,"column":62}},"59":{"start":{"line":60,"column":0},"end":{"line":60,"column":62}},"61":{"start":{"line":62,"column":0},"end":{"line":62,"column":53}},"62":{"start":{"line":63,"column":0},"end":{"line":63,"column":62}},"63":{"start":{"line":64,"column":0},"end":{"line":64,"column":30}},"64":{"start":{"line":65,"column":0},"end":{"line":65,"column":30}},"65":{"start":{"line":66,"column":0},"end":{"line":66,"column":16}},"66":{"start":{"line":67,"column":0},"end":{"line":67,"column":11}},"68":{"start":{"line":69,"column":0},"end":{"line":69,"column":53}},"69":{"start":{"line":70,"column":0},"end":{"line":70,"column":62}},"70":{"start":{"line":71,"column":0},"end":{"line":71,"column":30}},"71":{"start":{"line":72,"column":0},"end":{"line":72,"column":30}},"72":{"start":{"line":73,"column":0},"end":{"line":73,"column":16}},"73":{"start":{"line":74,"column":0},"end":{"line":74,"column":11}},"74":{"start":{"line":75,"column":0},"end":{"line":75,"column":5}},"75":{"start":{"line":76,"column":0},"end":{"line":76,"column":1}},"77":{"start":{"line":78,"column":0},"end":{"line":78,"column":61}}},"s":{"7":1,"8":4,"10":4,"11":4,"12":4,"13":4,"15":4,"16":4,"17":4,"19":4,"20":4,"58":4,"59":4,"61":4,"62":1,"63":1,"64":1,"65":1,"66":4,"68":4,"69":1,"70":1,"71":1,"72":1,"73":4,"74":4,"75":4,"77":1},"branchMap":{"0":{"type":"branch","line":8,"loc":{"start":{"line":8,"column":7},"end":{"line":76,"column":1}},"locations":[{"start":{"line":8,"column":7},"end":{"line":76,"column":1}}]},"1":{"type":"branch","line":11,"loc":{"start":{"line":11,"column":4},"end":{"line":14,"column":5}},"locations":[{"start":{"line":11,"column":4},"end":{"line":14,"column":5}}]},"2":{"type":"branch","line":16,"loc":{"start":{"line":16,"column":4},"end":{"line":18,"column":5}},"locations":[{"start":{"line":16,"column":4},"end":{"line":18,"column":5}}]},"3":{"type":"branch","line":20,"loc":{"start":{"line":20,"column":12},"end":{"line":75,"column":5}},"locations":[{"start":{"line":20,"column":12},"end":{"line":75,"column":5}}]},"4":{"type":"branch","line":62,"loc":{"start":{"line":62,"column":46},"end":{"line":67,"column":9}},"locations":[{"start":{"line":62,"column":46},"end":{"line":67,"column":9}}]},"5":{"type":"branch","line":69,"loc":{"start":{"line":69,"column":46},"end":{"line":74,"column":9}},"locations":[{"start":{"line":69,"column":46},"end":{"line":74,"column":9}}]}},"b":{"0":[4],"1":[4],"2":[4],"3":[4],"4":[1],"5":[1]},"fnMap":{"0":{"name":"<instance_members_initializer>","decl":{"start":{"line":8,"column":7},"end":{"line":76,"column":1}},"loc":{"start":{"line":8,"column":7},"end":{"line":76,"column":1}},"line":8},"1":{"name":"CarouselControls","decl":{"start":{"line":11,"column":4},"end":{"line":14,"column":5}},"loc":{"start":{"line":11,"column":4},"end":{"line":14,"column":5}},"line":11},"2":{"name":"connectedCallback","decl":{"start":{"line":16,"column":4},"end":{"line":18,"column":5}},"loc":{"start":{"line":16,"column":4},"end":{"line":18,"column":5}},"line":16},"3":{"name":"render","decl":{"start":{"line":20,"column":12},"end":{"line":75,"column":5}},"loc":{"start":{"line":20,"column":12},"end":{"line":75,"column":5}},"line":20}},"f":{"0":4,"1":4,"2":4,"3":4}}
,"/home/michael/code/basic-html-site/src/components/CarouselNav.ts": {"path":"/home/michael/code/basic-html-site/src/components/CarouselNav.ts","all":false,"statementMap":{"8":{"start":{"line":9,"column":0},"end":{"line":9,"column":46}},"9":{"start":{"line":10,"column":0},"end":{"line":10,"column":40}},"11":{"start":{"line":12,"column":0},"end":{"line":12,"column":19}},"12":{"start":{"line":13,"column":0},"end":{"line":13,"column":16}},"13":{"start":{"line":14,"column":0},"end":{"line":14,"column":58}},"14":{"start":{"line":15,"column":0},"end":{"line":15,"column":5}},"16":{"start":{"line":17,"column":0},"end":{"line":17,"column":47}},"17":{"start":{"line":18,"column":0},"end":{"line":18,"column":61}},"18":{"start":{"line":19,"column":0},"end":{"line":19,"column":5}},"20":{"start":{"line":21,"column":0},"end":{"line":21,"column":31}},"21":{"start":{"line":22,"column":0},"end":{"line":22,"column":22}},"22":{"start":{"line":23,"column":0},"end":{"line":23,"column":5}},"24":{"start":{"line":25,"column":0},"end":{"line":25,"column":101}},"25":{"start":{"line":26,"column":0},"end":{"line":26,"column":36}},"26":{"start":{"line":27,"column":0},"end":{"line":27,"column":26}},"27":{"start":{"line":28,"column":0},"end":{"line":28,"column":9}},"28":{"start":{"line":29,"column":0},"end":{"line":29,"column":5}},"30":{"start":{"line":31,"column":0},"end":{"line":31,"column":28}},"31":{"start":{"line":32,"column":0},"end":{"line":32,"column":79}},"32":{"start":{"line":33,"column":0},"end":{"line":33,"column":81}},"33":{"start":{"line":34,"column":0},"end":{"line":34,"column":74}},"35":{"start":{"line":36,"column":0},"end":{"line":36,"column":33}},"65":{"start":{"line":66,"column":0},"end":{"line":66,"column":70}},"90":{"start":{"line":91,"column":0},"end":{"line":91,"column":65}},"91":{"start":{"line":92,"column":0},"end":{"line":92,"column":88}},"92":{"start":{"line":93,"column":0},"end":{"line":93,"column":45}},"93":{"start":{"line":94,"column":0},"end":{"line":94,"column":62}},"95":{"start":{"line":96,"column":0},"end":{"line":96,"column":28}},"99":{"start":{"line":100,"column":0},"end":{"line":100,"column":71}},"100":{"start":{"line":101,"column":0},"end":{"line":101,"column":52}},"101":{"start":{"line":102,"column":0},"end":{"line":102,"column":76}},"102":{"start":{"line":103,"column":0},"end":{"line":103,"column":81}},"103":{"start":{"line":104,"column":0},"end":{"line":104,"column":70}},"104":{"start":{"line":105,"column":0},"end":{"line":105,"column":43}},"105":{"start":{"line":106,"column":0},"end":{"line":106,"column":34}},"106":{"start":{"line":107,"column":0},"end":{"line":107,"column":34}},"107":{"start":{"line":108,"column":0},"end":{"line":108,"column":20}},"108":{"start":{"line":109,"column":0},"end":{"line":109,"column":15}},"109":{"start":{"line":110,"column":0},"end":{"line":110,"column":11}},"110":{"start":{"line":111,"column":0},"end":{"line":111,"column":5}},"111":{"start":{"line":112,"column":0},"end":{"line":112,"column":1}},"113":{"start":{"line":114,"column":0},"end":{"line":114,"column":51}}},"s":{"8":1,"9":5,"11":5,"12":5,"13":5,"14":5,"16":5,"17":1,"18":1,"20":5,"21":5,"22":5,"24":5,"25":10,"26":10,"27":10,"28":10,"30":5,"31":15,"32":15,"33":15,"35":15,"65":15,"90":15,"91":30,"92":30,"93":30,"95":15,"99":15,"100":30,"101":2,"102":2,"103":2,"104":2,"105":2,"106":2,"107":2,"108":30,"109":15,"110":15,"111":5,"113":1},"branchMap":{"0":{"type":"branch","line":9,"loc":{"start":{"line":9,"column":7},"end":{"line":112,"column":1}},"locations":[{"start":{"line":9,"column":7},"end":{"line":112,"column":1}}]},"1":{"type":"branch","line":12,"loc":{"start":{"line":12,"column":4},"end":{"line":15,"column":5}},"locations":[{"start":{"line":12,"column":4},"end":{"line":15,"column":5}}]},"2":{"type":"branch","line":17,"loc":{"start":{"line":17,"column":4},"end":{"line":19,"column":5}},"locations":[{"start":{"line":17,"column":4},"end":{"line":19,"column":5}}]},"3":{"type":"branch","line":21,"loc":{"start":{"line":21,"column":4},"end":{"line":23,"column":5}},"locations":[{"start":{"line":21,"column":4},"end":{"line":23,"column":5}}]},"4":{"type":"branch","line":25,"loc":{"start":{"line":25,"column":4},"end":{"line":29,"column":5}},"locations":[{"start":{"line":25,"column":4},"end":{"line":29,"column":5}}]},"5":{"type":"branch","line":31,"loc":{"start":{"line":31,"column":12},"end":{"line":111,"column":5}},"locations":[{"start":{"line":31,"column":12},"end":{"line":111,"column":5}}]},"6":{"type":"branch","line":32,"loc":{"start":{"line":32,"column":69},"end":{"line":32,"column":77}},"locations":[{"start":{"line":32,"column":69},"end":{"line":32,"column":77}}]},"7":{"type":"branch","line":33,"loc":{"start":{"line":33,"column":71},"end":{"line":33,"column":79}},"locations":[{"start":{"line":33,"column":71},"end":{"line":33,"column":79}}]},"8":{"type":"branch","line":34,"loc":{"start":{"line":34,"column":64},"end":{"line":34,"column":72}},"locations":[{"start":{"line":34,"column":64},"end":{"line":34,"column":72}}]},"9":{"type":"branch","line":91,"loc":{"start":{"line":91,"column":54},"end":{"line":94,"column":62}},"locations":[{"start":{"line":91,"column":54},"end":{"line":94,"column":62}}]},"10":{"type":"branch","line":92,"loc":{"start":{"line":92,"column":54},"end":{"line":92,"column":83}},"locations":[{"start":{"line":92,"column":54},"end":{"line":92,"column":83}}]},"11":{"type":"branch","line":92,"loc":{"start":{"line":92,"column":69},"end":{"line":92,"column":85}},"locations":[{"start":{"line":92,"column":69},"end":{"line":92,"column":85}}]},"12":{"type":"branch","line":100,"loc":{"start":{"line":100,"column":60},"end":{"line":110,"column":9}},"locations":[{"start":{"line":100,"column":60},"end":{"line":110,"column":9}}]},"13":{"type":"branch","line":101,"loc":{"start":{"line":101,"column":45},"end":{"line":109,"column":13}},"locations":[{"start":{"line":101,"column":45},"end":{"line":109,"column":13}}]},"14":{"type":"branch","line":102,"loc":{"start":{"line":102,"column":68},"end":{"line":103,"column":79}},"locations":[{"start":{"line":102,"column":68},"end":{"line":103,"column":79}}]},"15":{"type":"branch","line":103,"loc":{"start":{"line":103,"column":63},"end":{"line":103,"column":75}},"locations":[{"start":{"line":103,"column":63},"end":{"line":103,"column":75}}]},"16":{"type":"branch","line":103,"loc":{"start":{"line":103,"column":75},"end":{"line":103,"column":81}},"locations":[{"start":{"line":103,"column":75},"end":{"line":103,"column":81}}]}},"b":{"0":[5],"1":[5],"2":[1],"3":[5],"4":[10],"5":[15],"6":[5],"7":[11],"8":[14],"9":[30],"10":[10],"11":[20],"12":[30],"13":[2],"14":[1],"15":[0],"16":[1]},"fnMap":{"0":{"name":"<instance_members_initializer>","decl":{"start":{"line":9,"column":7},"end":{"line":112,"column":1}},"loc":{"start":{"line":9,"column":7},"end":{"line":112,"column":1}},"line":9},"1":{"name":"CarouselNav","decl":{"start":{"line":12,"column":4},"end":{"line":15,"column":5}},"loc":{"start":{"line":12,"column":4},"end":{"line":15,"column":5}},"line":12},"2":{"name":"get observedAttributes","decl":{"start":{"line":17,"column":4},"end":{"line":19,"column":5}},"loc":{"start":{"line":17,"column":4},"end":{"line":19,"column":5}},"line":17},"3":{"name":"connectedCallback","decl":{"start":{"line":21,"column":4},"end":{"line":23,"column":5}},"loc":{"start":{"line":21,"column":4},"end":{"line":23,"column":5}},"line":21},"4":{"name":"attributeChangedCallback","decl":{"start":{"line":25,"column":4},"end":{"line":29,"column":5}},"loc":{"start":{"line":25,"column":4},"end":{"line":29,"column":5}},"line":25},"5":{"name":"render","decl":{"start":{"line":31,"column":12},"end":{"line":111,"column":5}},"loc":{"start":{"line":31,"column":12},"end":{"line":111,"column":5}},"line":31}},"f":{"0":5,"1":5,"2":1,"3":5,"4":10,"5":15}}
,"/home/michael/code/basic-html-site/src/components/CarouselSlide.ts": {"path":"/home/michael/code/basic-html-site/src/components/CarouselSlide.ts","all":false,"statementMap":{"6":{"start":{"line":7,"column":0},"end":{"line":7,"column":48}},"7":{"start":{"line":8,"column":0},"end":{"line":8,"column":40}},"9":{"start":{"line":10,"column":0},"end":{"line":10,"column":19}},"10":{"start":{"line":11,"column":0},"end":{"line":11,"column":16}},"11":{"start":{"line":12,"column":0},"end":{"line":12,"column":58}},"12":{"start":{"line":13,"column":0},"end":{"line":13,"column":5}},"14":{"start":{"line":15,"column":0},"end":{"line":15,"column":47}},"15":{"start":{"line":16,"column":0},"end":{"line":16,"column":23}},"16":{"start":{"line":17,"column":0},"end":{"line":17,"column":5}},"18":{"start":{"line":19,"column":0},"end":{"line":19,"column":31}},"19":{"start":{"line":20,"column":0},"end":{"line":20,"column":22}},"20":{"start":{"line":21,"column":0},"end":{"line":21,"column":5}},"22":{"start":{"line":23,"column":0},"end":{"line":23,"column":101}},"23":{"start":{"line":24,"column":0},"end":{"line":24,"column":36}},"24":{"start":{"line":25,"column":0},"end":{"line":25,"column":26}},"25":{"start":{"line":26,"column":0},"end":{"line":26,"column":9}},"26":{"start":{"line":27,"column":0},"end":{"line":27,"column":5}},"28":{"start":{"line":29,"column":0},"end":{"line":29,"column":28}},"29":{"start":{"line":30,"column":0},"end":{"line":30,"column":51}},"30":{"start":{"line":31,"column":0},"end":{"line":31,"column":33}},"43":{"start":{"line":44,"column":0},"end":{"line":44,"column":52}},"51":{"start":{"line":52,"column":0},"end":{"line":52,"column":5}},"52":{"start":{"line":53,"column":0},"end":{"line":53,"column":1}},"54":{"start":{"line":55,"column":0},"end":{"line":55,"column":55}}},"s":{"6":1,"7":2,"9":2,"10":2,"11":2,"12":2,"14":2,"15":1,"16":1,"18":2,"19":2,"20":2,"22":2,"23":3,"24":3,"25":3,"26":3,"28":2,"29":5,"30":5,"43":5,"51":5,"52":2,"54":1},"branchMap":{"0":{"type":"branch","line":7,"loc":{"start":{"line":7,"column":7},"end":{"line":53,"column":1}},"locations":[{"start":{"line":7,"column":7},"end":{"line":53,"column":1}}]},"1":{"type":"branch","line":10,"loc":{"start":{"line":10,"column":4},"end":{"line":13,"column":5}},"locations":[{"start":{"line":10,"column":4},"end":{"line":13,"column":5}}]},"2":{"type":"branch","line":15,"loc":{"start":{"line":15,"column":4},"end":{"line":17,"column":5}},"locations":[{"start":{"line":15,"column":4},"end":{"line":17,"column":5}}]},"3":{"type":"branch","line":19,"loc":{"start":{"line":19,"column":4},"end":{"line":21,"column":5}},"locations":[{"start":{"line":19,"column":4},"end":{"line":21,"column":5}}]},"4":{"type":"branch","line":23,"loc":{"start":{"line":23,"column":4},"end":{"line":27,"column":5}},"locations":[{"start":{"line":23,"column":4},"end":{"line":27,"column":5}}]},"5":{"type":"branch","line":29,"loc":{"start":{"line":29,"column":12},"end":{"line":52,"column":5}},"locations":[{"start":{"line":29,"column":12},"end":{"line":52,"column":5}}]},"6":{"type":"branch","line":30,"loc":{"start":{"line":30,"column":43},"end":{"line":30,"column":51}},"locations":[{"start":{"line":30,"column":43},"end":{"line":30,"column":51}}]}},"b":{"0":[2],"1":[2],"2":[1],"3":[2],"4":[3],"5":[5],"6":[2]},"fnMap":{"0":{"name":"<instance_members_initializer>","decl":{"start":{"line":7,"column":7},"end":{"line":53,"column":1}},"loc":{"start":{"line":7,"column":7},"end":{"line":53,"column":1}},"line":7},"1":{"name":"CarouselSlide","decl":{"start":{"line":10,"column":4},"end":{"line":13,"column":5}},"loc":{"start":{"line":10,"column":4},"end":{"line":13,"column":5}},"line":10},"2":{"name":"get observedAttributes","decl":{"start":{"line":15,"column":4},"end":{"line":17,"column":5}},"loc":{"start":{"line":15,"column":4},"end":{"line":17,"column":5}},"line":15},"3":{"name":"connectedCallback","decl":{"start":{"line":19,"column":4},"end":{"line":21,"column":5}},"loc":{"start":{"line":19,"column":4},"end":{"line":21,"column":5}},"line":19},"4":{"name":"attributeChangedCallback","decl":{"start":{"line":23,"column":4},"end":{"line":27,"column":5}},"loc":{"start":{"line":23,"column":4},"end":{"line":27,"column":5}},"line":23},"5":{"name":"render","decl":{"start":{"line":29,"column":12},"end":{"line":52,"column":5}},"loc":{"start":{"line":29,"column":12},"end":{"line":52,"column":5}},"line":29}},"f":{"0":2,"1":2,"2":1,"3":2,"4":3,"5":5}}
,"/home/michael/code/basic-html-site/src/components/MainCarousel.ts": {"path":"/home/michael/code/basic-html-site/src/components/MainCarousel.ts","all":false,"statementMap":{"11":{"start":{"line":12,"column":0},"end":{"line":12,"column":47}},"12":{"start":{"line":13,"column":0},"end":{"line":13,"column":40}},"13":{"start":{"line":14,"column":0},"end":{"line":14,"column":33}},"14":{"start":{"line":15,"column":0},"end":{"line":15,"column":34}},"15":{"start":{"line":16,"column":0},"end":{"line":16,"column":46}},"16":{"start":{"line":17,"column":0},"end":{"line":17,"column":39}},"17":{"start":{"line":18,"column":0},"end":{"line":18,"column":43}},"18":{"start":{"line":19,"column":0},"end":{"line":19,"column":32}},"19":{"start":{"line":20,"column":0},"end":{"line":20,"column":32}},"20":{"start":{"line":21,"column":0},"end":{"line":21,"column":32}},"22":{"start":{"line":23,"column":0},"end":{"line":23,"column":19}},"23":{"start":{"line":24,"column":0},"end":{"line":24,"column":16}},"24":{"start":{"line":25,"column":0},"end":{"line":25,"column":58}},"25":{"start":{"line":26,"column":0},"end":{"line":26,"column":30}},"26":{"start":{"line":27,"column":0},"end":{"line":27,"column":31}},"27":{"start":{"line":28,"column":0},"end":{"line":28,"column":39}},"28":{"start":{"line":29,"column":0},"end":{"line":29,"column":36}},"29":{"start":{"line":30,"column":0},"end":{"line":30,"column":34}},"30":{"start":{"line":31,"column":0},"end":{"line":31,"column":29}},"31":{"start":{"line":32,"column":0},"end":{"line":32,"column":29}},"32":{"start":{"line":33,"column":0},"end":{"line":33,"column":32}},"35":{"start":{"line":36,"column":0},"end":{"line":36,"column":65}},"36":{"start":{"line":37,"column":0},"end":{"line":37,"column":61}},"37":{"start":{"line":38,"column":0},"end":{"line":38,"column":61}},"38":{"start":{"line":39,"column":0},"end":{"line":39,"column":5}},"40":{"start":{"line":41,"column":0},"end":{"line":41,"column":31}},"41":{"start":{"line":42,"column":0},"end":{"line":42,"column":22}},"42":{"start":{"line":43,"column":0},"end":{"line":43,"column":31}},"43":{"start":{"line":44,"column":0},"end":{"line":44,"column":5}},"45":{"start":{"line":46,"column":0},"end":{"line":46,"column":34}},"46":{"start":{"line":47,"column":0},"end":{"line":47,"column":30}},"47":{"start":{"line":48,"column":0},"end":{"line":48,"column":5}},"49":{"start":{"line":50,"column":0},"end":{"line":50,"column":36}},"50":{"start":{"line":51,"column":0},"end":{"line":51,"column":31}},"51":{"start":{"line":52,"column":0},"end":{"line":52,"column":73}},"52":{"start":{"line":53,"column":0},"end":{"line":53,"column":52}},"53":{"start":{"line":54,"column":0},"end":{"line":54,"column":85}},"55":{"start":{"line":56,"column":0},"end":{"line":56,"column":40}},"56":{"start":{"line":57,"column":0},"end":{"line":57,"column":35}},"57":{"start":{"line":58,"column":0},"end":{"line":58,"column":71}},"58":{"start":{"line":59,"column":0},"end":{"line":59,"column":9}},"60":{"start":{"line":61,"column":0},"end":{"line":61,"column":62}},"61":{"start":{"line":62,"column":0},"end":{"line":62,"column":18}},"62":{"start":{"line":63,"column":0},"end":{"line":63,"column":72}},"63":{"start":{"line":64,"column":0},"end":{"line":64,"column":9}},"64":{"start":{"line":65,"column":0},"end":{"line":65,"column":38}},"65":{"start":{"line":66,"column":0},"end":{"line":66,"column":5}},"67":{"start":{"line":68,"column":0},"end":{"line":68,"column":37}},"68":{"start":{"line":69,"column":0},"end":{"line":69,"column":36}},"70":{"start":{"line":71,"column":0},"end":{"line":71,"column":30}},"71":{"start":{"line":72,"column":0},"end":{"line":72,"column":45}},"72":{"start":{"line":73,"column":0},"end":{"line":73,"column":79}},"73":{"start":{"line":74,"column":0},"end":{"line":74,"column":5}},"75":{"start":{"line":76,"column":0},"end":{"line":76,"column":36}},"76":{"start":{"line":77,"column":0},"end":{"line":77,"column":38}},"77":{"start":{"line":78,"column":0},"end":{"line":78,"column":58}},"78":{"start":{"line":79,"column":0},"end":{"line":79,"column":43}},"79":{"start":{"line":80,"column":0},"end":{"line":80,"column":9}},"80":{"start":{"line":81,"column":0},"end":{"line":81,"column":5}},"82":{"start":{"line":83,"column":0},"end":{"line":83,"column":35}},"83":{"start":{"line":84,"column":0},"end":{"line":84,"column":31}},"84":{"start":{"line":85,"column":0},"end":{"line":85,"column":45}},"85":{"start":{"line":86,"column":0},"end":{"line":86,"column":62}},"86":{"start":{"line":87,"column":0},"end":{"line":87,"column":18}},"87":{"start":{"line":88,"column":0},"end":{"line":88,"column":46}},"88":{"start":{"line":89,"column":0},"end":{"line":89,"column":9}},"89":{"start":{"line":90,"column":0},"end":{"line":90,"column":5}},"91":{"start":{"line":92,"column":0},"end":{"line":92,"column":44}},"92":{"start":{"line":93,"column":0},"end":{"line":93,"column":38}},"93":{"start":{"line":94,"column":0},"end":{"line":94,"column":34}},"94":{"start":{"line":95,"column":0},"end":{"line":95,"column":29}},"96":{"start":{"line":97,"column":0},"end":{"line":97,"column":55}},"97":{"start":{"line":98,"column":0},"end":{"line":98,"column":26}},"99":{"start":{"line":100,"column":0},"end":{"line":100,"column":47}},"100":{"start":{"line":101,"column":0},"end":{"line":101,"column":54}},"101":{"start":{"line":102,"column":0},"end":{"line":102,"column":26}},"102":{"start":{"line":103,"column":0},"end":{"line":103,"column":40}},"103":{"start":{"line":104,"column":0},"end":{"line":104,"column":35}},"104":{"start":{"line":105,"column":0},"end":{"line":105,"column":33}},"105":{"start":{"line":106,"column":0},"end":{"line":106,"column":31}},"106":{"start":{"line":107,"column":0},"end":{"line":107,"column":15}},"108":{"start":{"line":109,"column":0},"end":{"line":109,"column":66}},"109":{"start":{"line":110,"column":0},"end":{"line":110,"column":22}},"110":{"start":{"line":111,"column":0},"end":{"line":111,"column":80}},"111":{"start":{"line":112,"column":0},"end":{"line":112,"column":13}},"112":{"start":{"line":113,"column":0},"end":{"line":113,"column":9}},"113":{"start":{"line":114,"column":0},"end":{"line":114,"column":5}},"115":{"start":{"line":116,"column":0},"end":{"line":116,"column":51}},"116":{"start":{"line":117,"column":0},"end":{"line":117,"column":48}},"117":{"start":{"line":118,"column":0},"end":{"line":118,"column":30}},"118":{"start":{"line":119,"column":0},"end":{"line":119,"column":5}},"120":{"start":{"line":121,"column":0},"end":{"line":121,"column":49}},"121":{"start":{"line":122,"column":0},"end":{"line":122,"column":54}},"122":{"start":{"line":123,"column":0},"end":{"line":123,"column":50}},"124":{"start":{"line":125,"column":0},"end":{"line":125,"column":34}},"125":{"start":{"line":126,"column":0},"end":{"line":126,"column":27}},"126":{"start":{"line":127,"column":0},"end":{"line":127,"column":75}},"127":{"start":{"line":128,"column":0},"end":{"line":128,"column":20}},"128":{"start":{"line":129,"column":0},"end":{"line":129,"column":94}},"129":{"start":{"line":130,"column":0},"end":{"line":130,"column":13}},"130":{"start":{"line":131,"column":0},"end":{"line":131,"column":9}},"131":{"start":{"line":132,"column":0},"end":{"line":132,"column":31}},"132":{"start":{"line":133,"column":0},"end":{"line":133,"column":5}},"134":{"start":{"line":135,"column":0},"end":{"line":135,"column":28}},"135":{"start":{"line":136,"column":0},"end":{"line":136,"column":33}},"193":{"start":{"line":194,"column":0},"end":{"line":194,"column":51}},"194":{"start":{"line":195,"column":0},"end":{"line":195,"column":35}},"195":{"start":{"line":196,"column":0},"end":{"line":196,"column":34}},"196":{"start":{"line":197,"column":0},"end":{"line":197,"column":33}},"197":{"start":{"line":198,"column":0},"end":{"line":198,"column":11}},"198":{"start":{"line":199,"column":0},"end":{"line":199,"column":51}},"199":{"start":{"line":200,"column":0},"end":{"line":200,"column":34}},"200":{"start":{"line":201,"column":0},"end":{"line":201,"column":33}},"202":{"start":{"line":203,"column":0},"end":{"line":203,"column":36}},"204":{"start":{"line":205,"column":0},"end":{"line":205,"column":35}},"205":{"start":{"line":206,"column":0},"end":{"line":206,"column":11}},"206":{"start":{"line":207,"column":0},"end":{"line":207,"column":86}},"207":{"start":{"line":208,"column":0},"end":{"line":208,"column":82}},"209":{"start":{"line":210,"column":0},"end":{"line":210,"column":72}},"210":{"start":{"line":211,"column":0},"end":{"line":211,"column":23}},"211":{"start":{"line":212,"column":0},"end":{"line":212,"column":59}},"212":{"start":{"line":213,"column":0},"end":{"line":213,"column":38}},"213":{"start":{"line":214,"column":0},"end":{"line":214,"column":94}},"214":{"start":{"line":215,"column":0},"end":{"line":215,"column":39}},"215":{"start":{"line":216,"column":0},"end":{"line":216,"column":43}},"216":{"start":{"line":217,"column":0},"end":{"line":217,"column":17}},"217":{"start":{"line":218,"column":0},"end":{"line":218,"column":15}},"219":{"start":{"line":220,"column":0},"end":{"line":220,"column":59}},"220":{"start":{"line":221,"column":0},"end":{"line":221,"column":38}},"221":{"start":{"line":222,"column":0},"end":{"line":222,"column":75}},"222":{"start":{"line":223,"column":0},"end":{"line":223,"column":39}},"223":{"start":{"line":224,"column":0},"end":{"line":224,"column":43}},"224":{"start":{"line":225,"column":0},"end":{"line":225,"column":17}},"225":{"start":{"line":226,"column":0},"end":{"line":226,"column":15}},"226":{"start":{"line":227,"column":0},"end":{"line":227,"column":9}},"228":{"start":{"line":229,"column":0},"end":{"line":229,"column":62}},"229":{"start":{"line":230,"column":0},"end":{"line":230,"column":18}},"230":{"start":{"line":231,"column":0},"end":{"line":231,"column":67}},"231":{"start":{"line":232,"column":0},"end":{"line":232,"column":60}},"232":{"start":{"line":233,"column":0},"end":{"line":233,"column":38}},"233":{"start":{"line":234,"column":0},"end":{"line":234,"column":62}},"234":{"start":{"line":235,"column":0},"end":{"line":235,"column":39}},"235":{"start":{"line":236,"column":0},"end":{"line":236,"column":43}},"236":{"start":{"line":237,"column":0},"end":{"line":237,"column":17}},"237":{"start":{"line":238,"column":0},"end":{"line":238,"column":33}},"238":{"start":{"line":239,"column":0},"end":{"line":239,"column":9}},"240":{"start":{"line":241,"column":0},"end":{"line":241,"column":55}},"241":{"start":{"line":242,"column":0},"end":{"line":242,"column":19}},"242":{"start":{"line":243,"column":0},"end":{"line":243,"column":55}},"243":{"start":{"line":244,"column":0},"end":{"line":244,"column":55}},"244":{"start":{"line":245,"column":0},"end":{"line":245,"column":49}},"245":{"start":{"line":246,"column":0},"end":{"line":246,"column":70}},"246":{"start":{"line":247,"column":0},"end":{"line":247,"column":26}},"247":{"start":{"line":248,"column":0},"end":{"line":248,"column":82}},"248":{"start":{"line":249,"column":0},"end":{"line":249,"column":17}},"249":{"start":{"line":250,"column":0},"end":{"line":250,"column":70}},"250":{"start":{"line":251,"column":0},"end":{"line":251,"column":15}},"251":{"start":{"line":252,"column":0},"end":{"line":252,"column":9}},"252":{"start":{"line":253,"column":0},"end":{"line":253,"column":5}},"253":{"start":{"line":254,"column":0},"end":{"line":254,"column":1}},"255":{"start":{"line":256,"column":0},"end":{"line":256,"column":53}}},"s":{"11":1,"12":25,"13":25,"14":25,"15":25,"16":25,"17":25,"18":25,"19":25,"20":25,"22":25,"23":25,"24":25,"25":25,"26":25,"27":25,"28":25,"29":25,"30":25,"31":25,"32":25,"35":25,"36":25,"37":25,"38":25,"40":25,"41":25,"42":25,"43":25,"45":25,"46":1,"47":1,"49":25,"50":136,"51":136,"52":136,"53":136,"55":136,"56":2,"57":2,"58":2,"60":136,"61":136,"62":136,"63":136,"64":136,"65":136,"67":25,"68":44,"70":44,"71":44,"72":44,"73":44,"75":25,"76":74,"77":23,"78":23,"79":23,"80":74,"82":25,"83":28,"84":28,"85":28,"86":28,"87":28,"88":28,"89":28,"91":25,"92":13,"93":11,"94":11,"96":11,"97":11,"99":9,"100":9,"101":13,"102":8,"103":8,"104":8,"105":8,"106":8,"108":8,"109":8,"110":8,"111":8,"112":8,"113":13,"115":25,"116":3,"117":3,"118":3,"120":25,"121":3,"122":3,"124":3,"125":2,"126":1,"127":1,"128":1,"129":1,"130":2,"131":3,"132":3,"134":25,"135":25,"193":25,"194":9,"195":9,"196":9,"197":25,"198":25,"199":8,"200":8,"202":8,"204":8,"205":25,"206":25,"207":25,"209":25,"210":25,"211":25,"212":1,"213":1,"214":1,"215":1,"216":1,"217":25,"219":25,"220":3,"221":3,"222":3,"223":2,"224":2,"225":25,"226":25,"228":25,"229":25,"230":25,"231":5,"232":5,"233":5,"234":5,"235":5,"236":5,"237":25,"238":25,"240":25,"241":25,"242":25,"243":49,"244":49,"245":49,"246":49,"247":49,"248":49,"249":49,"250":25,"251":25,"252":25,"253":25,"255":1},"branchMap":{"0":{"type":"branch","line":12,"loc":{"start":{"line":12,"column":7},"end":{"line":254,"column":1}},"locations":[{"start":{"line":12,"column":7},"end":{"line":254,"column":1}}]},"1":{"type":"branch","line":23,"loc":{"start":{"line":23,"column":4},"end":{"line":39,"column":5}},"locations":[{"start":{"line":23,"column":4},"end":{"line":39,"column":5}}]},"2":{"type":"branch","line":41,"loc":{"start":{"line":41,"column":4},"end":{"line":44,"column":5}},"locations":[{"start":{"line":41,"column":4},"end":{"line":44,"column":5}}]},"3":{"type":"branch","line":46,"loc":{"start":{"line":46,"column":4},"end":{"line":48,"column":5}},"locations":[{"start":{"line":46,"column":4},"end":{"line":48,"column":5}}]},"4":{"type":"branch","line":50,"loc":{"start":{"line":50,"column":12},"end":{"line":66,"column":5}},"locations":[{"start":{"line":50,"column":12},"end":{"line":66,"column":5}}]},"5":{"type":"branch","line":52,"loc":{"start":{"line":52,"column":43},"end":{"line":52,"column":73}},"locations":[{"start":{"line":52,"column":43},"end":{"line":52,"column":73}}]},"6":{"type":"branch","line":56,"loc":{"start":{"line":56,"column":39},"end":{"line":59,"column":9}},"locations":[{"start":{"line":56,"column":39},"end":{"line":59,"column":9}}]},"7":{"type":"branch","line":68,"loc":{"start":{"line":68,"column":12},"end":{"line":74,"column":5}},"locations":[{"start":{"line":68,"column":12},"end":{"line":74,"column":5}}]},"8":{"type":"branch","line":69,"loc":{"start":{"line":69,"column":29},"end":{"line":69,"column":36}},"locations":[{"start":{"line":69,"column":29},"end":{"line":69,"column":36}}]},"9":{"type":"branch","line":76,"loc":{"start":{"line":76,"column":12},"end":{"line":81,"column":5}},"locations":[{"start":{"line":76,"column":12},"end":{"line":81,"column":5}}]},"10":{"type":"branch","line":77,"loc":{"start":{"line":77,"column":37},"end":{"line":80,"column":9}},"locations":[{"start":{"line":77,"column":37},"end":{"line":80,"column":9}}]},"11":{"type":"branch","line":83,"loc":{"start":{"line":83,"column":12},"end":{"line":90,"column":5}},"locations":[{"start":{"line":83,"column":12},"end":{"line":90,"column":5}}]},"12":{"type":"branch","line":92,"loc":{"start":{"line":92,"column":12},"end":{"line":114,"column":5}},"locations":[{"start":{"line":92,"column":12},"end":{"line":114,"column":5}}]},"13":{"type":"branch","line":93,"loc":{"start":{"line":93,"column":31},"end":{"line":93,"column":38}},"locations":[{"start":{"line":93,"column":31},"end":{"line":93,"column":38}}]},"14":{"type":"branch","line":93,"loc":{"start":{"line":93,"column":31},"end":{"line":98,"column":26}},"locations":[{"start":{"line":93,"column":31},"end":{"line":98,"column":26}}]},"15":{"type":"branch","line":98,"loc":{"start":{"line":98,"column":19},"end":{"line":98,"column":26}},"locations":[{"start":{"line":98,"column":19},"end":{"line":98,"column":26}}]},"16":{"type":"branch","line":98,"loc":{"start":{"line":98,"column":19},"end":{"line":102,"column":25}},"locations":[{"start":{"line":98,"column":19},"end":{"line":102,"column":25}}]},"17":{"type":"branch","line":102,"loc":{"start":{"line":102,"column":25},"end":{"line":113,"column":9}},"locations":[{"start":{"line":102,"column":25},"end":{"line":113,"column":9}}]},"18":{"type":"branch","line":116,"loc":{"start":{"line":116,"column":12},"end":{"line":119,"column":5}},"locations":[{"start":{"line":116,"column":12},"end":{"line":119,"column":5}}]},"19":{"type":"branch","line":121,"loc":{"start":{"line":121,"column":12},"end":{"line":133,"column":5}},"locations":[{"start":{"line":121,"column":12},"end":{"line":133,"column":5}}]},"20":{"type":"branch","line":125,"loc":{"start":{"line":125,"column":33},"end":{"line":131,"column":9}},"locations":[{"start":{"line":125,"column":33},"end":{"line":131,"column":9}}]},"21":{"type":"branch","line":126,"loc":{"start":{"line":126,"column":26},"end":{"line":130,"column":13}},"locations":[{"start":{"line":126,"column":26},"end":{"line":130,"column":13}}]},"22":{"type":"branch","line":135,"loc":{"start":{"line":135,"column":12},"end":{"line":253,"column":5}},"locations":[{"start":{"line":135,"column":12},"end":{"line":253,"column":5}}]},"23":{"type":"branch","line":194,"loc":{"start":{"line":194,"column":44},"end":{"line":198,"column":9}},"locations":[{"start":{"line":194,"column":44},"end":{"line":198,"column":9}}]},"24":{"type":"branch","line":199,"loc":{"start":{"line":199,"column":44},"end":{"line":206,"column":9}},"locations":[{"start":{"line":199,"column":44},"end":{"line":206,"column":9}}]},"25":{"type":"branch","line":212,"loc":{"start":{"line":212,"column":52},"end":{"line":218,"column":13}},"locations":[{"start":{"line":212,"column":52},"end":{"line":218,"column":13}}]},"26":{"type":"branch","line":220,"loc":{"start":{"line":220,"column":52},"end":{"line":226,"column":13}},"locations":[{"start":{"line":220,"column":52},"end":{"line":226,"column":13}}]},"27":{"type":"branch","line":223,"loc":{"start":{"line":223,"column":38},"end":{"line":225,"column":17}},"locations":[{"start":{"line":223,"column":38},"end":{"line":225,"column":17}}]},"28":{"type":"branch","line":231,"loc":{"start":{"line":231,"column":52},"end":{"line":238,"column":31}},"locations":[{"start":{"line":231,"column":52},"end":{"line":238,"column":31}}]},"29":{"type":"branch","line":243,"loc":{"start":{"line":243,"column":48},"end":{"line":251,"column":13}},"locations":[{"start":{"line":243,"column":48},"end":{"line":251,"column":13}}]},"30":{"type":"branch","line":250,"loc":{"start":{"line":250,"column":31},"end":{"line":250,"column":68}},"locations":[{"start":{"line":250,"column":31},"end":{"line":250,"column":68}}]}},"b":{"0":[25],"1":[25],"2":[25],"3":[1],"4":[136],"5":[2],"6":[2],"7":[44],"8":[0],"9":[74],"10":[23],"11":[28],"12":[13],"13":[2],"14":[11],"15":[2],"16":[9],"17":[8],"18":[3],"19":[3],"20":[2],"21":[1],"22":[25],"23":[9],"24":[8],"25":[1],"26":[3],"27":[2],"28":[5],"29":[49],"30":[72]},"fnMap":{"0":{"name":"<instance_members_initializer>","decl":{"start":{"line":12,"column":7},"end":{"line":254,"column":1}},"loc":{"start":{"line":12,"column":7},"end":{"line":254,"column":1}},"line":12},"1":{"name":"MainCarousel","decl":{"start":{"line":23,"column":4},"end":{"line":39,"column":5}},"loc":{"start":{"line":23,"column":4},"end":{"line":39,"column":5}},"line":23},"2":{"name":"connectedCallback","decl":{"start":{"line":41,"column":4},"end":{"line":44,"column":5}},"loc":{"start":{"line":41,"column":4},"end":{"line":44,"column":5}},"line":41},"3":{"name":"disconnectedCallback","decl":{"start":{"line":46,"column":4},"end":{"line":48,"column":5}},"loc":{"start":{"line":46,"column":4},"end":{"line":48,"column":5}},"line":46},"4":{"name":"updateProgress","decl":{"start":{"line":50,"column":12},"end":{"line":66,"column":5}},"loc":{"start":{"line":50,"column":12},"end":{"line":66,"column":5}},"line":50},"5":{"name":"startAutoRotate","decl":{"start":{"line":68,"column":12},"end":{"line":74,"column":5}},"loc":{"start":{"line":68,"column":12},"end":{"line":74,"column":5}},"line":68},"6":{"name":"stopAutoRotate","decl":{"start":{"line":76,"column":12},"end":{"line":81,"column":5}},"loc":{"start":{"line":76,"column":12},"end":{"line":81,"column":5}},"line":76},"7":{"name":"resetProgress","decl":{"start":{"line":83,"column":12},"end":{"line":90,"column":5}},"loc":{"start":{"line":83,"column":12},"end":{"line":90,"column":5}},"line":83},"8":{"name":"goToSlide","decl":{"start":{"line":92,"column":12},"end":{"line":114,"column":5}},"loc":{"start":{"line":92,"column":12},"end":{"line":114,"column":5}},"line":92},"9":{"name":"handleTouchStart","decl":{"start":{"line":116,"column":12},"end":{"line":119,"column":5}},"loc":{"start":{"line":116,"column":12},"end":{"line":119,"column":5}},"line":116},"10":{"name":"handleTouchEnd","decl":{"start":{"line":121,"column":12},"end":{"line":133,"column":5}},"loc":{"start":{"line":121,"column":12},"end":{"line":133,"column":5}},"line":121},"11":{"name":"render","decl":{"start":{"line":135,"column":12},"end":{"line":253,"column":5}},"loc":{"start":{"line":135,"column":12},"end":{"line":253,"column":5}},"line":135}},"f":{"0":25,"1":25,"2":25,"3":1,"4":136,"5":44,"6":74,"7":28,"8":13,"9":3,"10":3,"11":25}}
}
