TN:
SF:src/script.ts
FN:1,(empty-report)
FNF:1
FNH:0
FNDA:0,(empty-report)
DA:1,0
DA:2,0
DA:3,0
DA:4,0
LF:4
LH:0
BRDA:1,0,0,0
BRF:1
BRH:0
end_of_record
TN:
SF:src/components/CarouselControls.ts
FN:8,<instance_members_initializer>
FN:11,CarouselControls
FN:16,connectedCallback
FN:20,render
FNF:4
FNH:4
FNDA:4,<instance_members_initializer>
FNDA:4,CarouselControls
FNDA:4,connectedCallback
FNDA:4,render
DA:8,1
DA:9,4
DA:11,4
DA:12,4
DA:13,4
DA:14,4
DA:16,4
DA:17,4
DA:18,4
DA:20,4
DA:21,4
DA:59,4
DA:60,4
DA:62,4
DA:63,1
DA:64,1
DA:65,1
DA:66,1
DA:67,4
DA:69,4
DA:70,1
DA:71,1
DA:72,1
DA:73,1
DA:74,4
DA:75,4
DA:76,4
DA:78,1
LF:28
LH:28
BRDA:8,0,0,4
BRDA:11,1,0,4
BRDA:16,2,0,4
BRDA:20,3,0,4
BRDA:62,4,0,1
BRDA:69,5,0,1
BRF:6
BRH:6
end_of_record
TN:
SF:src/components/CarouselNav.ts
FN:9,<instance_members_initializer>
FN:12,CarouselNav
FN:17,get observedAttributes
FN:21,connectedCallback
FN:25,attributeChangedCallback
FN:31,render
FNF:6
FNH:6
FNDA:5,<instance_members_initializer>
FNDA:5,CarouselNav
FNDA:1,get observedAttributes
FNDA:5,connectedCallback
FNDA:10,attributeChangedCallback
FNDA:15,render
DA:9,1
DA:10,5
DA:12,5
DA:13,5
DA:14,5
DA:15,5
DA:17,5
DA:18,1
DA:19,1
DA:21,5
DA:22,5
DA:23,5
DA:25,5
DA:26,10
DA:27,10
DA:28,10
DA:29,10
DA:31,5
DA:32,15
DA:33,15
DA:34,15
DA:36,15
DA:66,15
DA:91,15
DA:92,30
DA:93,30
DA:94,30
DA:96,15
DA:100,15
DA:101,30
DA:102,2
DA:103,2
DA:104,2
DA:105,2
DA:106,2
DA:107,2
DA:108,2
DA:109,30
DA:110,15
DA:111,15
DA:112,5
DA:114,1
LF:42
LH:42
BRDA:9,0,0,5
BRDA:12,1,0,5
BRDA:17,2,0,1
BRDA:21,3,0,5
BRDA:25,4,0,10
BRDA:31,5,0,15
BRDA:32,6,0,5
BRDA:33,7,0,11
BRDA:34,8,0,14
BRDA:91,9,0,30
BRDA:92,10,0,10
BRDA:92,11,0,20
BRDA:100,12,0,30
BRDA:101,13,0,2
BRDA:102,14,0,1
BRDA:103,15,0,0
BRDA:103,16,0,1
BRF:17
BRH:16
end_of_record
TN:
SF:src/components/CarouselSlide.ts
FN:7,<instance_members_initializer>
FN:10,CarouselSlide
FN:15,get observedAttributes
FN:19,connectedCallback
FN:23,attributeChangedCallback
FN:29,render
FNF:6
FNH:6
FNDA:2,<instance_members_initializer>
FNDA:2,CarouselSlide
FNDA:1,get observedAttributes
FNDA:2,connectedCallback
FNDA:3,attributeChangedCallback
FNDA:5,render
DA:7,1
DA:8,2
DA:10,2
DA:11,2
DA:12,2
DA:13,2
DA:15,2
DA:16,1
DA:17,1
DA:19,2
DA:20,2
DA:21,2
DA:23,2
DA:24,3
DA:25,3
DA:26,3
DA:27,3
DA:29,2
DA:30,5
DA:31,5
DA:44,5
DA:52,5
DA:53,2
DA:55,1
LF:24
LH:24
BRDA:7,0,0,2
BRDA:10,1,0,2
BRDA:15,2,0,1
BRDA:19,3,0,2
BRDA:23,4,0,3
BRDA:29,5,0,5
BRDA:30,6,0,2
BRF:7
BRH:7
end_of_record
TN:
SF:src/components/MainCarousel.ts
FN:12,<instance_members_initializer>
FN:23,MainCarousel
FN:41,connectedCallback
FN:46,disconnectedCallback
FN:50,updateProgress
FN:68,startAutoRotate
FN:76,stopAutoRotate
FN:83,resetProgress
FN:92,goToSlide
FN:116,handleTouchStart
FN:121,handleTouchEnd
FN:135,render
FNF:12
FNH:12
FNDA:25,<instance_members_initializer>
FNDA:25,MainCarousel
FNDA:25,connectedCallback
FNDA:1,disconnectedCallback
FNDA:136,updateProgress
FNDA:44,startAutoRotate
FNDA:74,stopAutoRotate
FNDA:28,resetProgress
FNDA:13,goToSlide
FNDA:3,handleTouchStart
FNDA:3,handleTouchEnd
FNDA:25,render
DA:12,1
DA:13,25
DA:14,25
DA:15,25
DA:16,25
DA:17,25
DA:18,25
DA:19,25
DA:20,25
DA:21,25
DA:23,25
DA:24,25
DA:25,25
DA:26,25
DA:27,25
DA:28,25
DA:29,25
DA:30,25
DA:31,25
DA:32,25
DA:33,25
DA:36,25
DA:37,25
DA:38,25
DA:39,25
DA:41,25
DA:42,25
DA:43,25
DA:44,25
DA:46,25
DA:47,1
DA:48,1
DA:50,25
DA:51,136
DA:52,136
DA:53,136
DA:54,136
DA:56,136
DA:57,2
DA:58,2
DA:59,2
DA:61,136
DA:62,136
DA:63,136
DA:64,136
DA:65,136
DA:66,136
DA:68,25
DA:69,44
DA:71,44
DA:72,44
DA:73,44
DA:74,44
DA:76,25
DA:77,74
DA:78,23
DA:79,23
DA:80,23
DA:81,74
DA:83,25
DA:84,28
DA:85,28
DA:86,28
DA:87,28
DA:88,28
DA:89,28
DA:90,28
DA:92,25
DA:93,13
DA:94,11
DA:95,11
DA:97,11
DA:98,11
DA:100,9
DA:101,9
DA:102,13
DA:103,8
DA:104,8
DA:105,8
DA:106,8
DA:107,8
DA:109,8
DA:110,8
DA:111,8
DA:112,8
DA:113,8
DA:114,13
DA:116,25
DA:117,3
DA:118,3
DA:119,3
DA:121,25
DA:122,3
DA:123,3
DA:125,3
DA:126,2
DA:127,1
DA:128,1
DA:129,1
DA:130,1
DA:131,2
DA:132,3
DA:133,3
DA:135,25
DA:136,25
DA:194,25
DA:195,9
DA:196,9
DA:197,9
DA:198,25
DA:199,25
DA:200,8
DA:201,8
DA:203,8
DA:205,8
DA:206,25
DA:207,25
DA:208,25
DA:210,25
DA:211,25
DA:212,25
DA:213,1
DA:214,1
DA:215,1
DA:216,1
DA:217,1
DA:218,25
DA:220,25
DA:221,3
DA:222,3
DA:223,3
DA:224,2
DA:225,2
DA:226,25
DA:227,25
DA:229,25
DA:230,25
DA:231,25
DA:232,5
DA:233,5
DA:234,5
DA:235,5
DA:236,5
DA:237,5
DA:238,25
DA:239,25
DA:241,25
DA:242,25
DA:243,25
DA:244,49
DA:245,49
DA:246,49
DA:247,49
DA:248,49
DA:249,49
DA:250,49
DA:251,25
DA:252,25
DA:253,25
DA:254,25
DA:256,1
LF:161
LH:161
BRDA:12,0,0,25
BRDA:23,1,0,25
BRDA:41,2,0,25
BRDA:46,3,0,1
BRDA:50,4,0,136
BRDA:52,5,0,2
BRDA:56,6,0,2
BRDA:68,7,0,44
BRDA:69,8,0,0
BRDA:76,9,0,74
BRDA:77,10,0,23
BRDA:83,11,0,28
BRDA:92,12,0,13
BRDA:93,13,0,2
BRDA:93,14,0,11
BRDA:98,15,0,2
BRDA:98,16,0,9
BRDA:102,17,0,8
BRDA:116,18,0,3
BRDA:121,19,0,3
BRDA:125,20,0,2
BRDA:126,21,0,1
BRDA:135,22,0,25
BRDA:194,23,0,9
BRDA:199,24,0,8
BRDA:212,25,0,1
BRDA:220,26,0,3
BRDA:223,27,0,2
BRDA:231,28,0,5
BRDA:243,29,0,49
BRDA:250,30,0,72
BRF:31
BRH:30
end_of_record
